<?xml version="1.0" encoding="UTF-8"?>
<testsuite name="com.tedneward.example.TestPerson" tests="8" skipped="0" failures="0" errors="0" timestamp="2015-04-07T23:14:40" hostname="Seans-MacBook-Air.local" time="0.014">
  <properties/>
  <testcase name="exerciseTheBasics" classname="com.tedneward.example.TestPerson" time="0.007"/>
  <testcase name="setAgeToBeNegative" classname="com.tedneward.example.TestPerson" time="0.0"/>
  <testcase name="setNameToNull" classname="com.tedneward.example.TestPerson" time="0.001"/>
  <testcase name="viewReadabletoString" classname="com.tedneward.example.TestPerson" time="0.0"/>
  <testcase name="exercisePesonEquals" classname="com.tedneward.example.TestPerson" time="0.001"/>
  <testcase name="useAgeComparator" classname="com.tedneward.example.TestPerson" time="0.002"/>
  <testcase name="useNaturalComparison" classname="com.tedneward.example.TestPerson" time="0.001"/>
  <testcase name="catchPropertyChange" classname="com.tedneward.example.TestPerson" time="0.001"/>
  <system-out><![CDATA[hello world
]]></system-out>
  <system-err><![CDATA[]]></system-err>
</testsuite>
